2026-04-22 22:31:48,255 - INFO - Iniciando normalização do dataset...
2026-04-22 22:31:49,506 - INFO - Total de registros no JSONL: 1688
2026-04-22 22:31:49,750 - INFO - Tabela wines: 1688 registros
2026-04-22 22:31:49,750 - INFO - Tabela wine_foods: 6013 registros
2026-04-22 22:31:49,750 - INFO - Tabela wine_flavors: 124103 registros
2026-04-22 22:31:49,751 - INFO - ✅ Contagem OK: 1688 vinhos processados (0 descartados)
2026-04-22 22:31:49,753 - INFO - ✅ Ranges numéricos dentro do esperado (0-5)
2026-04-22 22:31:49,754 - INFO - ✅ Ratings dentro do esperado (0-5)
2026-04-22 22:31:49,812 - INFO - ✅ Parquet salvo em C:\Users\marco\OneDrive\Documentos\HarmonizaAi\data\processed\wines.parquet
2026-04-22 22:31:50,624 - INFO - ✅ SQLite salvo em C:\Users\marco\OneDrive\Documentos\HarmonizaAi\data\processed\harmonizai.db
2026-04-22 22:31:50,624 - INFO - --- Resumo Final ---
2026-04-22 22:31:50,625 - INFO - Vinhos processados: 1688
2026-04-22 22:31:50,625 - INFO - Vinhos descartados: 0
2026-04-22 22:31:50,625 - INFO - Food labels extraídas: 6013
2026-04-22 22:31:50,625 - INFO - Flavor keywords extraídas: 124103
2026-04-22 22:31:50,626 - INFO - Vinhos com rating: 1682
2026-04-22 22:31:50,626 - INFO - Vinhos sem rating: 6
2026-04-22 22:31:50,626 - INFO - Normalização concluída com sucesso!
2026-04-24 15:22:33,595 - INFO - Iniciando normalização do dataset...
2026-04-24 15:22:34,585 - INFO - Total de registros no JSONL: 1688
2026-04-24 15:22:34,800 - INFO - Tabela wines: 1688 registros
2026-04-24 15:22:34,800 - INFO - Tabela wine_foods: 6013 registros
2026-04-24 15:22:34,800 - INFO - Tabela wine_flavors: 124103 registros
2026-04-24 15:22:34,800 - INFO - ✅ Contagem OK: 1688 vinhos processados (0 descartados)
2026-04-24 15:22:34,807 - INFO - ✅ Ranges numéricos dentro do esperado (0-5)
2026-04-24 15:22:34,808 - INFO - ✅ Ratings dentro do esperado (0-5)
2026-04-24 15:22:35,120 - INFO - ✅ Parquet salvo em C:\Users\marco\OneDrive\Documentos\HarmonizaAi\data\processed\wines.parquet
2026-04-24 15:22:35,881 - INFO - ✅ SQLite salvo em C:\Users\marco\OneDrive\Documentos\HarmonizaAi\data\processed\harmonizai.db
2026-04-24 15:22:35,881 - INFO - --- Resumo Final ---
2026-04-24 15:22:35,881 - INFO - Vinhos processados: 1688
2026-04-24 15:22:35,881 - INFO - Vinhos descartados: 0
2026-04-24 15:22:35,881 - INFO - Food labels extraídas: 6013
2026-04-24 15:22:35,881 - INFO - Flavor keywords extraídas: 124103
2026-04-24 15:22:35,883 - INFO - Vinhos com rating: 1682
2026-04-24 15:22:35,883 - INFO - Vinhos sem rating: 6
2026-04-24 15:22:35,884 - INFO - Normalização concluída com sucesso!
2026-04-24 15:53:02,193 - INFO - Iniciando normalização do dataset...
2026-04-24 15:53:03,516 - INFO - Total de registros no JSONL: 1688
2026-04-24 15:53:03,792 - INFO - Tabela wines: 1688 registros
2026-04-24 15:53:03,792 - INFO - Tabela wine_foods: 6013 registros
2026-04-24 15:53:03,793 - INFO - Tabela wine_flavors: 124103 registros
2026-04-24 15:53:03,793 - INFO - ✅ Contagem OK: 1688 vinhos processados (0 descartados)
2026-04-24 15:53:03,797 - INFO - ✅ Ranges numéricos dentro do esperado (0-5)
2026-04-24 15:53:03,798 - INFO - ✅ Ratings dentro do esperado (0-5)
2026-04-24 15:53:03,846 - INFO - ✅ Parquet salvo em C:\Users\marco\OneDrive\Documentos\HarmonizaAi\data\processed\wines.parquet
2026-04-24 15:53:04,720 - INFO - ✅ SQLite salvo em C:\Users\marco\OneDrive\Documentos\HarmonizaAi\data\processed\harmonizai.db
2026-04-24 15:53:04,721 - INFO - --- Resumo Final ---
2026-04-24 15:53:04,721 - INFO - Vinhos processados: 1688
2026-04-24 15:53:04,721 - INFO - Vinhos descartados: 0
2026-04-24 15:53:04,721 - INFO - Food labels extraídas: 6013
2026-04-24 15:53:04,721 - INFO - Flavor keywords extraídas: 124103
2026-04-24 15:53:04,721 - INFO - Vinhos com rating: 1682
2026-04-24 15:53:04,722 - INFO - Vinhos sem rating: 6
2026-04-24 15:53:04,722 - INFO - Normalização concluída com sucesso!
